nohup: ignoring input
=========================================
Starting gbot.py Auto-Restart Script
=========================================
Activating virtual environment...
Upgrading pip and setuptools...
Requirement already satisfied: pip in ./venv/lib/python3.8/site-packages (25.0.1)
Requirement already satisfied: setuptools in ./venv/lib/python3.8/site-packages (75.3.2)
Requirement already satisfied: wheel in ./venv/lib/python3.8/site-packages (0.45.1)
Installing required Python modules...
Requirement already satisfied: protobuf in ./venv/lib/python3.8/site-packages (5.29.5)
Requirement already satisfied: google in ./venv/lib/python3.8/site-packages (3.0.0)
Requirement already satisfied: psutil in ./venv/lib/python3.8/site-packages (7.0.0)
Requirement already satisfied: pycryptodome in ./venv/lib/python3.8/site-packages (3.23.0)
Requirement already satisfied: PyJWT in ./venv/lib/python3.8/site-packages (2.9.0)
Requirement already satisfied: requests in ./venv/lib/python3.8/site-packages (2.32.4)
Requirement already satisfied: httpx in ./venv/lib/python3.8/site-packages (0.28.1)
Requirement already satisfied: urllib3 in ./venv/lib/python3.8/site-packages (2.2.3)
Requirement already satisfied: protobuf-decoder in ./venv/lib/python3.8/site-packages (0.4.0)
Requirement already satisfied: beautifulsoup4 in ./venv/lib/python3.8/site-packages (from google) (4.13.5)
Requirement already satisfied: charset_normalizer<4,>=2 in ./venv/lib/python3.8/site-packages (from requests) (3.4.3)
Requirement already satisfied: idna<4,>=2.5 in ./venv/lib/python3.8/site-packages (from requests) (3.10)
Requirement already satisfied: certifi>=2017.4.17 in ./venv/lib/python3.8/site-packages (from requests) (2025.8.3)
Requirement already satisfied: anyio in ./venv/lib/python3.8/site-packages (from httpx) (4.5.2)
Requirement already satisfied: httpcore==1.* in ./venv/lib/python3.8/site-packages (from httpx) (1.0.9)
Requirement already satisfied: h11>=0.16 in ./venv/lib/python3.8/site-packages (from httpcore==1.*->httpx) (0.16.0)
Requirement already satisfied: sniffio>=1.1 in ./venv/lib/python3.8/site-packages (from anyio->httpx) (1.3.1)
Requirement already satisfied: exceptiongroup>=1.0.2 in ./venv/lib/python3.8/site-packages (from anyio->httpx) (1.3.0)
Requirement already satisfied: typing-extensions>=4.1 in ./venv/lib/python3.8/site-packages (from anyio->httpx) (4.13.2)
Requirement already satisfied: soupsieve>1.2 in ./venv/lib/python3.8/site-packages (from beautifulsoup4->google) (2.7)
=========================================
Starting gbot.py with immediate auto-restart if it crashes...
=========================================
